
> build
> tsc -b && vite build

[36mvite v7.3.0 [32mbuilding client environment for production...[36m[39m
transforming...
[32mΓ£ô[39m 3 modules transformed.
Γ£ù Build failed in 82ms
error during build:
[vite:css] Failed to load PostCSS config (searchPath: C:/Users/north/zyeute-v3-1/client): [Error] Loading PostCSS Plugin failed: Cannot find module 'tailwindcss'
Require stack:
- C:\Users\north\postcss.config.js

(@C:\Users\north\postcss.config.js)
Error: Loading PostCSS Plugin failed: Cannot find module 'tailwindcss'
Require stack:
- C:\Users\north\postcss.config.js

(@C:\Users\north\postcss.config.js)
    at load (file:///C:/Users/north/zyeute-v3-1/node_modules/vite/dist/node/chunks/config.js:7660:10)
    at async Promise.all (index 0)
    at async plugins (file:///C:/Users/north/zyeute-v3-1/node_modules/vite/dist/node/chunks/config.js:7682:11)
    at async processResult (file:///C:/Users/north/zyeute-v3-1/node_modules/vite/dist/node/chunks/config.js:7721:13)
file: C:/Users/north/zyeute-v3-1/client/index.html?html-proxy&inline-css&index=0.css

